[     236ms] [INFO] %cDownload the React DevTools for a better development experience: https://react.dev/link/react-devtools font-weight:bold @ http://localhost:8009/_next/static/chunks/node_modules_next_dist_f3530cac._.js:2297
[     317ms] [LOG] [HMR] connected @ http://localhost:8009/_next/static/chunks/node_modules_next_dist_f3530cac._.js:2297
[     415ms] [ERROR] Failed to load resource: the server responded with a status of 404 (Not Found) @ http://localhost:8009/favicon.ico:0
[   40497ms] [LOG] [Fast Refresh] rebuilding @ http://localhost:8009/_next/static/chunks/node_modules_next_dist_f3530cac._.js:2297
[   41519ms] [LOG] [Fast Refresh] done in 1123ms @ http://localhost:8009/_next/static/chunks/node_modules_next_dist_f3530cac._.js:2297
[   70129ms] [LOG] [Fast Refresh] rebuilding @ http://localhost:8009/_next/static/chunks/node_modules_next_dist_f3530cac._.js:2297
[   70321ms] [LOG] [Fast Refresh] done in 293ms @ http://localhost:8009/_next/static/chunks/node_modules_next_dist_f3530cac._.js:2297
[   75990ms] [LOG] [Fast Refresh] rebuilding @ http://localhost:8009/_next/static/chunks/node_modules_next_dist_f3530cac._.js:2297
[   76024ms] [LOG] [Fast Refresh] done in 134ms @ http://localhost:8009/_next/static/chunks/node_modules_next_dist_f3530cac._.js:2297
[   84425ms] [LOG] [Fast Refresh] rebuilding @ http://localhost:8009/_next/static/chunks/node_modules_next_dist_f3530cac._.js:2297
[   84427ms] [LOG] [Fast Refresh] done in 104ms @ http://localhost:8009/_next/static/chunks/node_modules_next_dist_f3530cac._.js:2297
[  208515ms] [LOG] [Fast Refresh] rebuilding @ http://localhost:8009/_next/static/chunks/node_modules_next_dist_f3530cac._.js:2297
[  208545ms] [LOG] [Fast Refresh] done in 132ms @ http://localhost:8009/_next/static/chunks/node_modules_next_dist_f3530cac._.js:2297
[  231829ms] [ERROR] WebSocket connection to 'ws://localhost:8009/_next/webpack-hmr?id=NETv-D46YYCqkJq0RZHTm' failed:  @ http://localhost:8009/_next/static/chunks/node_modules_next_dist_client_17643121._.js:10878
[  232840ms] [ERROR] WebSocket connection to 'ws://localhost:8009/_next/webpack-hmr?id=NETv-D46YYCqkJq0RZHTm' failed: Error in connection establishment: net::ERR_CONNECTION_REFUSED @ http://localhost:8009/_next/static/chunks/node_modules_next_dist_client_17643121._.js:10878
[  234059ms] [LOG] [HMR] connected @ http://localhost:8009/_next/static/chunks/node_modules_next_dist_f3530cac._.js:2297
[  234676ms] [INFO] %cDownload the React DevTools for a better development experience: https://react.dev/link/react-devtools font-weight:bold @ http://localhost:8009/_next/static/chunks/node_modules_next_dist_f3530cac._.js:2297
[  234705ms] [LOG] [HMR] connected @ http://localhost:8009/_next/static/chunks/node_modules_next_dist_f3530cac._.js:2297
[  255826ms] [LOG] [Fast Refresh] rebuilding @ http://localhost:8009/_next/static/chunks/node_modules_next_dist_f3530cac._.js:2297
[  256226ms] [LOG] [Fast Refresh] done in 501ms @ http://localhost:8009/_next/static/chunks/node_modules_next_dist_f3530cac._.js:2297
[  268535ms] [LOG] [Fast Refresh] rebuilding @ http://localhost:8009/_next/static/chunks/node_modules_next_dist_f3530cac._.js:2297
[  268981ms] [LOG] [Fast Refresh] done in 548ms @ http://localhost:8009/_next/static/chunks/node_modules_next_dist_f3530cac._.js:2297
[  269122ms] [LOG] [Fast Refresh] rebuilding @ http://localhost:8009/_next/static/chunks/node_modules_next_dist_f3530cac._.js:2297
[  269188ms] [LOG] [Fast Refresh] done in 167ms @ http://localhost:8009/_next/static/chunks/node_modules_next_dist_f3530cac._.js:2297
[  269335ms] [LOG] [Fast Refresh] rebuilding @ http://localhost:8009/_next/static/chunks/node_modules_next_dist_f3530cac._.js:2297
[  269424ms] [LOG] [Fast Refresh] done in 190ms @ http://localhost:8009/_next/static/chunks/node_modules_next_dist_f3530cac._.js:2297
[  319431ms] [LOG] [Fast Refresh] rebuilding @ http://localhost:8009/_next/static/chunks/node_modules_next_dist_f3530cac._.js:2297
[  319493ms] [LOG] [Fast Refresh] done in 164ms @ http://localhost:8009/_next/static/chunks/node_modules_next_dist_f3530cac._.js:2297
